<?xml version="1.0" encoding="UTF-8"?>
<!-- Generated by org.testng.reporters.JUnitReportReporter -->
<testsuite skipped="0" hostname="DESKTOP-QBO3JRR" name="testcases.ToDoTest" tests="4" failures="0" timestamp="2023-01-27T20:42:44 EST" time="17.844" errors="0">
  <testcase name="getToDoList_001" time="0.497" classname="testcases.ToDoTest"/>
  <system-out/>
  <testcase name="getToDoListItems_002" time="0.089" classname="testcases.ToDoTest"/>
  <system-out>
    <![CDATA[Actual:[buy groceries, Wash dishes, reply to email, bank]-->Expected:[buy groceries, Wash dishes, reply to email, bank]]]>
  </system-out>
  <testcase name="getToDoListCount_003" time="2.164" classname="testcases.ToDoTest"/>
  <system-out>
    <![CDATA[<img src="data:image/png;base64,iVBORw0KGgoAAAANSUhEUgAAB4AAAANrCAYAAACnboWUAAABKmlDQ1BTa2lhAAAokX2QTy8DYRCHH00dCBccHEjWzQVtV4vEZdtq46glaTltt9uNaGuzXeEDOInvgJOLxMUHkUjEwYcQCQcnv9XINpGaNzPzvDPz/pmBxCySZAo63TColPNGrb5vMCC20/MZLiPw+RxZeFr6p26YjDXdniP/Jg0DPa4rm+IZr89nETf6fBnxaeiH4uuIg91KQfwgXvQGuDHAjh9E9a/izU77xIn/zYTb3avK16RzlDnW8mjjskKVIw6xRRZZ1iiRIc267Cop2SJ57YvK5ZWzlLHYkmbIYbKhEwV5k2w8z/MpKJkw+hXHdi7g7gXmr+LYgqWvfcD9TRyLZ+zbgf0TSkoTrRa838JkHaYfYfzgd7BDejX+9GqwTReHZVFGvaXJfQMxBUn59MJSIgAAIABJREFUeJzs3X9o3lW+L/p3Dh6I4EALXkn2mdkaUZz0KLvpHcGEO0Kf0gHTo4zJrjAJCpo6h2kyw92mjoyN/qGJg9q4L2PT4Y5mhJFE0EkcpqcRdulTcIak4NzGjZ5GGTG6xz19mCM07BEMHCH3j7aaJk/a9GeaZ14veMCs7/qutb7fp0L1nc9aVXNzc3MBAAAAAAAAYNX7Tyu9AAAAAAAAAAAuDAEwAAAAAAAAQIUQAAMAAAAAAABUCAEwAAAAAAAAQIUQAAMAAAAAAABUCAEwAAAAAAAAQIUQAAMAAAAAAABUCAEwAAAAAAAAQIUQAAMAAAAAAABUCAEwAAAAAAAAQIUQAAMAAAAAAABUCAEwAAAAAAAAQIUQAAMAAAAAAABUCAEwAAAAAAAAQIUQAAMAAAAAAABUCAEwAAAAAAAAQIUQAAMAAAAAAABUCAEwAAAAAAAAQIUQAAMAAAAAAABUCAEwAAAAAAAAQIUQAAMAAAAAAABUCAEwAAAAAAAAQIUQAAMAAAAAAABUCAEwAAAAAAAAQIUQAAMAAAAAAABUCAEwAAAAAAAAQIUQAAMAAAAAAABUCAEwAAAAAAAAQIUQAAMAAAAAAABUCAEwAAAAAAAAQIUQAAMAAAAAAABUCAEwAADARTeRvqqqVF2ET+srpZV+uFNMPHn2z1B7y6Zs+k5ruh4fzOjbpcyu9ENcBNMvbTnNO6hN36GVXiEAAACVQgAMAADAiiq9W0xx/2gGntyW1obaXHlja/remF7pZV1A0ym+Nnaa66Xs/m2xIoNvAAAALj0BMAAAAJeXD0bT03x9mn40loqIgd8ezcAbp+9SeqmYcQkwAAAAF4AAGAAAgMvSxPNb0nTf8KoPgSf3D2XyTJ1KfRn7nQQYAACA8ycABgAA4LJVerk97f98xvj0MjaRseeWt/7+14uZucirAQAAoPIJgAEAAC66xuycm8vcaT5Hh1vK3Neb8TPcN/K9mkv+NGdt61COLrH+z48dy4eTI3nx4ZbULXH7xEM9Gfzgkq74gpk9uC+7Swsa1/dm12Nlvrefj6b46SVZFgAAABVMAAwAAMCKqV6zJnXrW9LxzEg+nB5KW9k8eyw9vyxm9W2QPJvxN/qyMP9taGtOd3NXFj/qYIb2L+wNAAAAZ0cADAAAwOXhurYMvt6bxjKXSj8dzthqq46dKWb02YWNDWnf3JDcVkhXmbB79OV9q/7MYwAAAFaWABgAAKDCzH4ykeHnd2TbdzZlXW1VqqqOf2pv2ZRND+zI4OuTKV2m5bTVt3Wn9+FyZcCDKU4s84TcL2Yy9cZgera3ZlPj9V8+f1XV9Wn6Tmu6nh1O8b2Lf9ruzMHRDCxsXN+ewvokaUxhe5nnfGM0xeVud32ob96znfjcM/xlxfHsJxMZfrYrrYV1qT15/cambHqgL8OHSsuoqC5l+J6qRXP0HTpx+cR73vHApjTdePJ6bdYVWtP1/FimVltgDwAAUCEEwAAAAJWiVEz/Pdfnym80pf1H/RncX8zUvB2FS+8WU3ypP9taNqS2bl3an53IxY9Bz1Z1Ci3ltkdOBn53+Ayh5UymXtmRTd9Ym3XN29L389EUD82vp53OxP7RDPy4PZvq1+b65h0Zfu9iJeGljL0yuKi14b5CGk78c+Pmcs85luGD51sDPJPi45tS942mtP94IKMHp77ahvqDiRRf6kl7Y23qCj3nfObw7HuD2VZ//D33v1TMxJehdSlTB0cz8KMtWfd/XJ9tL02twq27AQAAVjcBMAAAQAWY3tuVptpN2fHaMsPD0lSGf9yU+kJflltYe8l8syGt5drfns7Rpe75bDL9d9VnXVt/iss8Rnf6jf6016/LtlcuwqbLH+zL0GsLGxvSvrHhqx/XN6ajTNJd3DOayXOe+FiKTzZn05PFRWcPL1Q62JdNt7Rn+KOzm+HzPw6nY+O2DJ6xUnk6gw+sS+HJCSEwAADAJSQABgAAWOWmX2lP010DmTiHe0sHe9J0R18mPrvgyzp3a2pTW64EeH+pfKj52UT6Nm/Ijr3LTH5PMZ3Btqa0X+AQePrgcMYWNm7uTMv6eT9XN6Vwf5kHfXsoxbfPceLXutL++Fn8SSgNp/17Z/f9993XnuGzeNUTj7ek42KE7AAAAJQlAAYAAFjNPhrOjrbhMsFoXVqe2Zcj/+vzzM3NZW7u8xyb2pddW+sWj3GoJy3bR89YMXrp1Kbu2+XaD2f6k4Vts5l4pjM9hxb3rtnYnRcnPszn/3vu+Dv464cZ/2V3Cosy11KG29rT94cLVac6mdE9xUWtha2FnPr2q9O0uaPMNtCTGdp/7jXAx9Wk8E8vZvxP877/yaF03lam66GedP7zOVTp3tCSXWNHcmze+z3wVHOZ5ylluG1Hhhd9dwAAAFwMAmAAAIBVazbFPd0ZXdTemN7fHc7Iw82pv7r6RFt11nyzOd2vHs74E42L7ii93JndB1fhRr0fDKX3ycVhac29Qxn/l13puK0u1VecaLyqLo3378qBiaG0LUopJ9Lz+FAuSJ3q28UMLargLaRt4+LwvbqxUHYb6Mnnxs6povukxidGs++5jjR+fd73v74tu/ePp7dMCDz5+GDGzuY84Jq2DO0fSfcd9Vkz7/0WfrIv48NtZULg0ex65XxDbQAAAJZDAAwAALBafTCU/mcX1+02/2IoO/+vNUvctCaNjw1k16IQsJS+l8dyuR0HfHqzKf6yZ/FWyzXdGdrTlroryt2T5Lq2DPyic3FI+cZARs916+V5JvbuWnyG7x1tKdxQpvNS20CXdmffuQby63dl4LHGVJe7dlVjup/aWSagHUzxLA6D7tgzkLbryl+r+15veu9Y3D45XDyPs40BAABYLgEwAADAKlV6a2xx+JmOdNxdZpvnUzSk/Ucti5tfGknx8tkHehkmM/HS4gU3PNSewlWnv3PNne3pWpSCTmbXG+cZUc4Ws29PmVB+0fbPJy21DXQpg/vHz35b5iSF7S1pOM316o1byjx7MvDW1DJn6E7bHUv9gkGS1GXLvWX+fL09nqmPljkFAAAA50wADAAAsCrN5sjk4s2fc3chDVef+e6aW5tTWNQ6vLoCug+OlA2smxtPF3+e1JDGexe3lianzuss5NnfjaVv0QDNafn20qH8UttAl346lvFzSIAb68/0CwD1abi7TPN708t79rs3pK5sefFXauqbyoTQo5leVb9gAAAAsDoJgAEAAFalmZTKhbU31y1RabrAVWvLVJ0mhy+LhO5opn9Xrr0uNfPD7U9LKS7q05J1X1/OHNVZu7bMG3ht+jzOAZ7J2Cv9ZdrHsu3GqlRVLfG5clOZ0DhJ+jO6/+w35b5yqa2vv7Qma2vLNM98ns+XM8EVyZVn6nN1bdk/h8f+ugrPmQYAAFhlBMAAAACV5D8vs19NbdZd1IWch9ljOVYuEF1fm7VnqDxNkpwxAD2u9rqms1nVmX1azNhLF3bIgdeLl+5c5v2l86p+Xo7pT1fXKdMAAACrkQAYAACgkvzvZfYrHc2Ri7qQ8/D2RIbKtW9uSP1y7v9iedMc/Wh8+WtahtL+oQxe0BGTvDSW4qcXetAl3F1Xtir8Qqr/xsWeAQAAAAEwAADAqlSTum+WaX53mVsYf3asbLXnhrqVD+gmfzdSdm0tDetySgFwTV1aFvUazZFPljPLbI6VKzPeuswttBeZzr6Xy5zJfN4GM7j37DalPvq/zlRlO5NjR8s0L2dr5yT549GUu/0Unx4t++fwzNtTAwAAcL4EwAAAAKtUXf3i+DOvFzO5jIrR0ltjZc7P7UxDuVD5Uvp0LIPPTZa50JH2zQvC6evqsqFMXj02Ue7+hSYz8fLi1obG+nOrgv2gmOE3zuXGMxt7rXhW5xKPvD11hh7TmZpY3FrTsMxnf3s8U2cI2Wf+NJ3F30Jb6q9bzgQAAACcDwEwAADAKlVza3MKi1oHM/j6meLCyQz9rEy16v2FNK25MGs7J59NZfChjgyUKcyt+Ulbmq9e2NqQxnsX9518bijFz04/1czeoexeNE9D2jc2LH+98+d8faBsoL7v2Fzm5pb7+TAvbi4z+BvDKX6w/LWU9gxl7HS/BPB2MUNvL25uvXm5tc+j2f3a6UL2mRRfH1jcvH5DLoMCcwAAgIonAAYAAFitbtiSjq2Lm8e+356+3y+1DfBMJp7szI5DC9sb0vv95lzy/PeL2cyUplJ8pS+tDeuy7eVymz83p/eBwqnbPydJqtPU0ptFkW2pP+3bhzO91FnAHw2n8/sDi7eZ3roj7evP+gmSTKY4XCYQ/UHzWQbqdSlsXRzpJ8UM7F1OVfMJpYF0PDRcvmr4i6kMPLpjcXVuzc60bF7+Yice6kzfodmy12be6E3nS4vbm3/Usvi7AgAA4IITAAMAAKxaNWl7dFcaF7VPpOfbG9L67FimPj0Z0s1m5r2x9N+zIU2PL97/t+bhXem+bXHEekG81p7aqqpUlfv85yuztnZdNrX1ZHSJKtfG53rTcUP5a9W3dab3B4vLSksvt6fpOzsyeGg6syeD4M+mM/HSjmxqbM/wovS3OS8+1XZO2z/PHhzJrjIVtZ13NJ11oF63sa1MVXcy+atimS2Vl1Z6uT2b7ulP8aP53/9oer5TSFeZraobf9yawll9/RPpuXtLdrwymZmTU3w2nYnnt2VDc//icL2mM513ntvpygAAAJydqrm5ubmVXgQAAMDfutIrraltW7gtc2/G53aWCXhPNf1Ke5rahheHbstUs7E3o7/dmcarznGAeSaerErT4+c/zkk19w5l/FdtOW10+NlE+jY3pWdRVfNy1aXj1QN5ceu5BJSzKT5al00/Xfj2u3Pg811nGaomyXQGv3N9tu1f2N6QXZOH0z2/QvlQX6oae852gsVu6834/nLffynD99Sm/bXznaAmbcPjGfqeABgAAOBSUAEMAACwytV9bzDFX3acPiRdQs2duzJ2gcLfC63xhyMZ/+UZwt8kuaoxO/ceyM6N51K/25jO355r+Jtkdjxji8LfJA83p+mcCqqX2gZ6Mrv2Lq7cLmfnr4bSttxXcUNHRl45y+9/6+4MPXGmX0s4qSaFp0YzKPwFAAC4ZATAAAAAq1516u9/MUem92XXcoPMmkK6h49k6rfdabjMwt+am9uyq3g04z9rSd0Vy7zp6kJ6i1M5/MvuFJYZftZt3ZUDR8ez+zy2Jp55Yzj9Zdq7NzeVObN4metaYhvo0p59KZY/dvcUV97YlqF3zhyI123dlfGJF9Ny3dmucG0KjxVz5Ey/dFBTSPdwMft+0njO7wIAAICzJwAGAACoENXXNaf71Q/z+Z8OZ+SXO9O5tZD6eRlgzc2FtPxgZ14cO5JjfzqQXd+rP+szai+GmpsLKWzuSPfPhnJg6liOvjOU7nOq5l2Thvt35cCfjuVIcSi7H+5I4bb5EWVdGk/MM/6nz/Phq8sPi8ubSXHv4OLmmp1p/vZ5RJ43FNK2uUx7aTDFiWUkwMmXgfiHY7vTubXxq6D2hsa0/GBXhiaO5sNXu9N49bku8vgvHXx4dDxDT3SkcPPJF1mT+o0d6f7lvnw4dfzPmPAXAADg0nIGMAAAAKxGS5wB3Dsxl523XYgJljgDeOtQjr7alvPKzgEAALhoVAADAAAAAAAAVAgBMAAAAAAAAECFEAADAAAAAAAAVAgBMAAAAAAAAECFEAADAAAAAAAAVAgBMAAAAAAAAECFEAADAAAAAAAAVIiqubm5uZVeBAAAAAAAAADnTwUwAAAAAAAAQIUQAAMAAAAAAABUCAEwAAAAAAAAQIUQAAMAAAAAAABUCAEwAAAAAAAAQIUQAAMAAAAAAABUCAEwAAAAAAAAQIUQAAMAAAAAAABUCAEwAAAAAAAAQIUQAAMAAAAAAABUCAEwAAAAAAAAQIUQAAMAAAAAAABUCAEwAAAAAAAAQIUQAAMAAAAAAABUCAEwAAAAAAAAQIUQAAMAAAAAAABUCAEwAAAAAAAAQIUQAAMAAAAAAABUCAEwAAAAAAAAQIUQAAMAAAAAAABUCAEwAAAAAAAAQIUQAAMAAAAAAABUCAEwAAAAAAAAQIUQAAMAAAAAAABUCAEwAAAAAAAAQIW4YqUXAAAAACzt3/7t3zIwMJD333//os1x0003pbOzM3//939/0eYAAADg0qiam5ubW+lFAAAAAOU98sgjaWhoyO23337R5njzzTczOTmZp59++qLNAQAAwKVhC2gAAAC4jL3//vsXNfxNkttvv/2iVhgDAABw6QiAAQAAAAAAACqEABgAAAAAAACgQlyx0gsAAABWh0ceeWSllwCrnjN2AQAAuNgEwAAAwBk98sgjgiu4APy7BAAAwMVmC2gAAAAAAACACiEABgBggYn0VVWlahmf1ldK5zxL6WBfBv9wAZd9MX0ynNZlvpOqqtYMf3IBxr2xKZse6MvwoXN/xwAAAAD87bEFNAAAS2hO5zOF1J2mx5q66nMb+lBfags96Z3YeW73X2pX1aX5mV1pmtd07J2h9L08meYf7ErhlJe0JnVXneX469uys21D1s4ff7qY0dd70v7S7gw+NZp9P2nMOb5tAAAAAP6GCIABAFhCU9of7k7jSi/jcrCmMR0Pn/omSq+Mp+/lyTTd153u285z/Bu3pOvhttSc0tid3memMri9kG2PtqTjhskMba1ZYgAAAAAAOM4W0AAAcLm6qj4de4bSXVPK8I92pzi70gsCAAAA4HInAAYA4AIoZfieqlQ9OZGUiul/oCnXV1Wlqur6ND3Qn+K8Y2wnnqxKVWNPkqSncfGZuTPvjqbvy/trs+6urgz8fmbJ+ab37siWG6tSVbsu216ayuky0tLBgXTdsynrak+cs1u7Lpse6Mvoexc6WZ3N9Bv92VZYl9ov30NfRt9d+BzLcFUh7Q81JKXBTLy94Nqnkxn8cWuabjz+PLW3bEnX88WUvrggDwEAAADAKiQABgDgwnlnd9obtmW8riu7iwcy8rNCrnxjRzY1dGXs0+Nd6rceyIE9HUmSjj0HcqDYk8LVx69Nv7YtG25pze6P1qV79EAOjPWnvXosXd+uT/sr04vnG+tO+0PTKTxzIPue60ihoX7Jc3Inn9+UhkJXDl/VnJ5fHsiB4r4MPdSUvNGT1o07vlzf+ZvNxJOFXN+8K9M3dKR/7EAOjHZn3Ue703pLc7r2lnmOM6hfX0hSSvGdefd+NJz2WzZk2+tJ06MjOVDcl/57qjP2o01paOnP5GfzBjjUdzzwfnLivJ8OWA3+ktf/+3/Jf/l//r+VXggAAAArwBnAAAAsoSdNVT1LX946lKOvLji39rViMjyeke/VHf95YyGFrydrWwYyNtGb5jvXZM03CynMHA8i6xoKKZw8P/fTsfT/aDDTW4fy4attOTFCCne0pPB4U5raulK4dV86bpg336HZtE6OpHt9khSWXusXEym+fjS5fyRjv2zJmpPtG5vTcnN1rmweyNDBnjRfgDN2Zw/2puXxiTQ+MZ59jzWeCKQLKdxZSMNd69L1/f40v7M7zVcvf8zqr61NkhRLpSR1SaYzuL09w2nL0P6htF331fM0f2tH6pt3pPOFQsb/qeG8nwcAAACA1UUADADAEprT+UzhyyB2kavrylTbtqfj7lPvWNNQSEsGc/Sz02+zXNo/mIFSTXofalswZ3Ua7+tM4cltGT44nY4b5l9tTtP6ZTzKFY3pLh5Jd5lL1bc0pSUDmb0g2ybPpPhaX0rpztDDjae+nyvq0/FP3en6Tv/Zh801dWlJMnry57dHM/BGUvhF71fh7wlr7uhM7+b+bHtmLJP/1JCGJLltZ+bmdp7HcwEAAACwWgiAAQBYQlPaH+5O49ncsr42axemwif+xjldOppk6dBz+oPRJIV8/qdiip8vuDg7kzVJRv84ndnMC543151mxPJmZ6YzNTmdo6WpTE1OZuyNfSkmaTnLccqbzuTrSe7ekLoye1FX129IS5Lh96YzdDYrL01/Ff4mKf3xcCaT7KwvF8/XZd23k+w/nKlPkoavn836gVXr6Ot58FtdGZvf9j/uyn959uQPj+S3//6j/J+XfmUAAABcYgJgAAAunBtrU7vEpcnTVgCXMv1OkhTTd08xfUt1+6iUmcyLkddcmSuXubTZ94bTs707/QdLJ1rq0ri1Oa0PtCcP9S9zlDPOkpSSXJFlr2tZo/71WJKk5boTT/7F8Xd5pb/NAyfV3p0X/v3uEz/8Ja//94Z01f82//5/i3wBAAD+1vynlV4AAAAkNan7ZpJ0Zt+xuczNLfFZeObwcn06lh0b29M/VcjuiQ9z7K9zmZv7MOOv7k73nfUX8Dmqj6fTXyQLi5jPx+ShoSQ12XDjiYrfK46XF39+QbatBgAAAKCSCIABALgs1HyjkGQkk++VufjBYDbd2JQtP588p7FnJsYyUEpanulN5211WXPVV9dmp6dSPKdRy6lLw91JXh/P1Mziq7NThzOapO2bS56svNinYxnaU0rW70jzbcebam7ckIYkY2+Vex/TOfK7JDUbUm/7ZwAAAIC/OQJgAABWzPwK1ro7OtKSUnqeG8z0KZWtpYw+15PiB7MpNDac0zzV1ccrZmcWbkP92WQG/rn/xLULUbO7JoWtO1OTgfQ+P5FTZvtiKoP/3J+kI60bl1nHPDOVwYc6MlCqSecTHfny6de3pPOOZPKZXRn+aMEtbwykZ3/S8FBzzu1tAavfNbn7//132z8DAAD8jXJqGAAASxjP0LP9GT9dl6ub0nF/Y9ac7dBX16SQZPAXA2n6303Z0NiQmq+3Zdfwvoy3bUvTpxPp+WFb6qtLmXipJz2vldL4xGg615/bk1R/uzW96/vTs70j277Ykbab12Tmo7EMPdWfyW93pCWDGS2VkpxFZe5Sc23syegTxTQ93pItf9qRjrsbUjM7leHnezN4sC4dr+5My9ULbvrjvux+9mjWzms6OjWWsTeKmSrVpPDUaHbdOf8t16Vjz1CKje1p3zybw4+2p/m66pR+P5iex0eTjb0Z+MG8+PdQX6oae5InxjP3WON5PyMAAAAAly8BMAAASxjLwI/HTt9l61Da7z+HQPGG9uz6WTHtT3Vly8s16X3raHZ+K6n73lCmbmnNwHO70t+yKdNJ6m7rSO9od7rvrk/1OT1HkurG7Nw/nuofd2fgR60ZTE3q72xN5y+OZmTj5xn8ZDCjE0cyncYLEQGn8bFijtzcn/7nB9PdPJVSTX0Kd3Rl5J3OtNxcJi5/ezh9bw+f0lRzcyFNd+9K7/aO8vdc15ahd+rS9PiuDD3Vmv4PkrrbWtL8swPp+UEhNf6mDwAAAPA3qWpubm5upRcBAABc3h555JE8/fTTK70MWPXO5d+l7373u9mzZ89FWtFXtm/fnt/85jcXfR4AAAAuLmcAAwAAAAAAAFQIATAAAAAAAABAhRAAAwAAAAAAAFQIATAAAAAAAABAhRAAAwAAAAAAAFQIATAAAAAAAABAhRAAAwAAAAAAAFSIK1Z6AQAAwOXv6aefziOPPLLSy4BV7+mnn17pJQAAAFDhBMAAAMCyCK4AAAAALn+2gAYAAAAAAACoEAJgAAAAAAAAgAohAAYAAIDL2E033ZQ333zzos7x5ptv5qabbrqocwAAAHBpVM3Nzc2t9CIAAACA8v7t3/4tAwMDef/99y/aHDfddFM6Ozvz93//9xdtDgAAAC4NATAAAAAAAABAhbAFNAAAAAAAAECFEAADAAAAAAAAVAgBMAAAAAAAAECFEAADAAAAAAAAVAgBMAAAAAAAAECFEAADAAAAAAAAVAgBMAAAAAAAAECFEAADAAAAAAAAVAgBMAAAAAAAAECFEAADAAAAAAAAVAgBMAAAAAAAAECFuGKlFwAAwOWlVCpldHQ0H3/88UovZVW49tpr09LSkpqampVeCgAAAACkam5ubm6lFwEAwOVjz549+eY3v5kNGzas9FJWhcOHD+e9997L9u3bV3opAAAAAGALaAAATvXxxx8Lf8/Chg0bVEsDAAAAcNkQAAMAAAAAAABUCAEwAAAAAAAAQIUQAAMAAAAAAABUCAEwAAAAAAAAQIUQAAMAAAAAAABUCAEwAAAAAAAAQIUQAAMAAAAAAABUCAEwAAAAAAAAQIUQAAMAcB7eSv/atVk7/3P/r/OXMn3uG/nLEmNcQn/oP7HO+/LrPy91/eS1v+TX96/N2mffusSLBAAAAIBzJwAGAOCc/GXkvqxd+53864vv59ixYyc+7+eFPJiblgpYV9hbB3uT796ZO7M3Dw4JdgEAAACoPAJgAADO3h/6c9O2venZfyy/ar1m3oVr8o8vvZ8Xvrs3D+5cWAm80t7Km08ld/63Xfnho0meejMiYAAAAAAqjQAYAICz9Jf8eqA3+e4Lufdb5a5fk9s7/yXv991++jHuP3Xr6P4/LO711rMLtpde2z8vtD0+xn0jv/5qG+pF20/Pm3Hk+fTmztzVeE1ubX8hd6Y3b5aZEwAAAABWMwEwAABn6eN8/Jsk667NNUv0uOZbt+aav7tmietvpX/tTXkwL+T9k1tH7+9J7+ZTQ+C3nl2b7xyZ1+fY+3nhu735zoKQd++2B5P9J/q89I9LzPmXvPk/9ibfvSu3/12Sv7s9d3036R243KqUAQAAAOD8CIABADg7f/44/5rkzuuvPafbT1bivtA3L6z9Vnf+5dGkd/OJCt8//zrPP5X0dM4PdK/JP3b2JL/5bd6cf77wkpXI89f8Zn77m/njXZPb/9udi8cCAAAAgFVOAAwAwCW0oBJ3nls39iT513z85yR/94/51bFj6f7W8Xu+3C56c+/iIU9TiXzSW0MPZm96cvu8oPiaxrtyZ/bmwSEnAQMAAABQOQTAAACcnb+7Nv+QZO+HH5/7GL95MDetXXC+74Jw96vzf2/Kg7/pyb+c2Cr67L2VN59Kkt58Z/58//XB7E2j3U3lAAAgAElEQVSSp96MCBgAAACASiEABgDgLN2a2x9NcuTjpc/P/UN/1q499UzfUzz6LyfO9V34+VX+8e+O3/+dp5Kek2f7HuvOree42i+3nP6fZebb35OkN28utU4AAAAAWGUEwAAAnLVbN/Ykv3kwL5cNTv+SXw/0Jgu2XD7uxNm7Zapu/zJyX9auPX4G8F8+/tckd+baBdtEv3WwzBbQp7X0ltNJkm/dnp4kvQO/XjrMBgAAAIBVRAAMAMDZ+1Z33n/xzvRuXpv7RuZHp3/Jr++/KQ/+JunZX75q95rWH6YnvfnO/fNC1z//Oju27c2dL96bW5Ncc+0/JNmb307MG/tEVfBZ+fOb+e1vkjv/2+1LnBN8opr5N7/Nm38+y7EBAAAA4DIkAAYA4Jxc0/qrHPufLyTbbpp3lu9NeTAv5P1jx9K9qPr3pFvTfez9vJB55wD/1wfzD/uP5VetJ2Lab3Xn2P6e7J0/9sC1ef9/vpA7FwbDp/HW0IPZm578sLV8/Jskt7YfH/PBIScBAwAAALD6Vc3Nzc2t9CIAALh8PPLII/nJT36y0stYVX7605/m6aefXullAAAAAIAKYAAAAAAAAIBKIQAGAAAAAAAAqBACYAAAAAAAAIAKIQAGAAAAAAAAqBACYAAAAAAAAIAKIQAGAAAAAAAAqBACYAAAAAAAAIAKIQAGAAAAAAAAqBACYAAAAAAAAIAKIQAGAAAAAAAAqBACYAAAAAAAAIAKIQAGAOAU1157bQ4fPrzSy1g1Dh8+nGuvvXallwEAAAAASZKqubm5uZVeBAAAl49SqZTR0dF8/PHHK72UVeHaa69NS0tLampqVnopAAAAACAABgAAAAAAAKgUtoAGAAAAAAAAqBACYAAAAAAAAIAKIQAGAAAAAAAAqBACYAAAAAAAAIAKIQAGAAAAAAAAqBACYAAAAAAAAIAKIQAGAAAAAAAAqBACYAAAAAAAAIAKIQAGAAAAAAAAqBACYAAAAAAAAIAKIQAGAAAAAAAAqBACYAAAAAAAAIAKIQAGAAAAAAAAqBACYAAAAAAAAIAKIQAGAAAAAAAAqBACYAAAAAAAAIAKIQAGAAAAAAAAqBACYAAAAAAAAIAKIQAGAAAAAAAAqBACYAAAAAAAAIAKIQAGAAAAAAAAqBACYAAAAAAAAIAKIQAGAAAAAAAAqBACYAAAAAAAAIAKIQAGAAAAAAAAqBACYAAAAAAAAIAKIQAGAAAAAAAAqBACYAAAAAAAAIAKIQAGAAAAAAAAqBACYAAAAAAAAIAKIQAGAAAAAAAAqBACYAAAAAAAAIAKIQAGAAAAAAAAqBACYAAAAAAAAIAKIQAGAODS+2Q4rVVVaX2ltNIr+Zsz8WRVqqpaM/zJSq8EAAAAgItBAAwAAAAAAABQIa5Y6QUAAACXTuNjc5l7bKVXAQAAAMDFogIYAAAAAAAAoEIIgAEAWEHHMvV6X9pvqU1VVVWub9yWvtenMju/y2nOCy690nrKebYTT9amqmpTBj8oM9Xb/dlQVZVtr8+cYU0zmXypK1vmran/YCnTC+Y6ua6+309n7Mdbcn1VVWpv2ZbB906s/rPpjD27LZtOjFN1Y1O2PTmaqSWmLx0cSNdd61JbVZWq2nXZsn0gE5+eoV/V9Wl6oC+j782e2ulQ3/G1vjeZgbbjfa9v7knx06XPAJ55dzR9DzTl+qqqVFXVZt1dXRn4fZnFlooZ2L4l62qrUlVVldpbNh1/rs/O8FoBAAAAuCQEwAAArJjpn3WksL2Y2ocGc6A4ks5vFNPTsi6Fn05m9sy3L9J45440pJjhg9OLrk3uH8pkOtL87TWnGaGU0Qc2ZMMDI5lt7MlI8UB2tSUjhYa0/2zxmEmy7+H2dH1UyK7ivvTfV8iGb1Ynn02kb/P12fLcdOru68++4oGM/Ghdpve0Zt0dXRn7aP4Is5l4sim1ha6MVbenf+xA9j3XkrzelabGrox9Oq/fTzelYV6/A6PdWffR7rTWF9J3aOEbm87u+1szWtOdweJIuu8oZMPV5Z96+rVt2XBLa3Z/tC7dowdyYKw/7dVj6fp2fdpfmffcn4ymvWFTet+rTeeeAzlQ3Jf+e9ak+Hhr1t0zmPJvCAAAAIBLyRnAAAAsW2dnZ15++eUkyb333puBgYHzGm/yUG2GpkfSdt3xnwsbm9Pw47pserQnQ1v3peOGsxxwfSHt65MdrxUz/WBH6r6aKcXhyeQHvSksEYImyezB3el8aTotv/owI/eeuHtjIc239qXQ2JPMG/GkidnWHH61Ow1JsjFJZlN8qiU9hxrTO7EvO2+r/nKcls0N2VLflY5nmjO1pzlrkuTtgXQ+PpGGx8Yz/kRjjvcupPnWumy5cVt6XupI88MNydsD6X60mNoF/Qp3N6dwz/Vpv7s3jdO9KVR/9cwT9SM59lzL8Xk2LvHQn46l/0eDmd46lA9fbfvyCQt3tKTweFOa2rpSuPX4dzF9cCjDpZYMTbz45XeWjc1prNmSTb8spvheRzq+ufT7BQAAAODiUwEMAMCydHZ2Zs+ePfnrX/+av/71r9mzZ086OzvPa8yan3Sm5br5LdUpfL83hYyVreI9s4YU7mtI9g+nOH8b6LeLGXq7Jju3FrJ0/e9Miq/1pZTudG49Neitvq0zO+5f4rY7m46Hv18OU8zoT0vJw73pvq361L7f7Ej3w0np50MpntjRevKNXZlMS3Z8/2Soe8INW9K+tS7Vk4czlWRi765MlOuXurQ82J2U+jL2u1OrgFs2NpzmeY8r7R/MQKkmvQ+1LYi3q9N4X2eZ72I6h985dTvuugf35cOJIeEvAAAAwGVABTAAAMtysvJ3Ydv5VAE33bJuQZiZ5IZ1aUzSNzmVmdSdMcBcqOHOzhQe2pbhg9PpuOF4pDm5fyiTNR3Z1bhotnmmM/l6kq0bsm5RtzWpu6WhzD1J4Rs1pzZ8MJmRJC231C1+tlRnXUNLkuFMfTSU1JQyNVlKsiF1X1/YtyZtr36YtiRJKcPvlJKszbE/FlP844KunyT1SSY/Opr5Vcp1NbVLP+4J0x+MJink8z8VU/x8wcXZmaxJMvrH6cymLnUb29NW05r+u2rTf0NjOu7uSHNLUwrfqs8a/2UBAAAAcFnwv2kAALjsXJkkn86c0znAuaGQtjuSbV9uAz2RsecmU7N9YN72yOXMJqWlr9bWLN7+OUnWXHXlqQ1fnBjmiivLdT9H05l+LUkG01UYXLLXVKmU+QHw2q+d9oGTlDL9TpIU03dPMX1LdfuolJkkNV9vydA7h7Pl5wPZ/avBDD47kcFnk6QuLc8MZfDhxrMO7AEAAAC4sGwBDQDAstx7773Lajtvs5/nWJJcV3PGMPHzz2bKtNalsLX5q22gDxWzu9SQHXc2nmG06qRm6avl5yrjihPDfLGwnPZ81KTu7iTrd+Xw3Fzmlvo8dqZnLDPuN5OkM/uOnWbcV9u+ejVXN6TtsRcz/se5fD59OPuGe9N28+cZ/XFT2l86l227AQAAALiQBMAAACzLwMBAtm/fnq997Wv52te+lu3bt5/X9s9JMv5BmcDwvckUkxRuPHUL5ZnPFu1PnOk/FsuOW3dnRzpSzPDBqUz+biSl9e0prD/TaurScHeS1w7nyKLS45lMTpSfa5EbGtKaZHRiKosj49kcmRxN0pb665KkJnW31CQ5nOlPFg818Xht1hV6UvysNjU3JHl7PFNl+s3u35HaWzZlx95lhtTz1HyjkGQkk++VufjBYDbd2JQtP59MUsrYQ5uyrrE/kycuV1/XkObv7czQG/1pSTL2yWlKqAEAAAC4JATAAAAs28DAQP7jP/4j//Ef/3He4W+SlPbszvBH81umM/zcrkymJR13nNjK+Oqa1CUpTkyeGqh+NJrBxccSn7inkOb7k+L+wQztn0xhe0vKn+A735oUtu5MTfoz8NqpwfTsoYHsemmZD7WmkJaf1CQ/783AoQVJ8nuD6X82yf2tKZwoqW28c0caMprdL02cuuX1Z8WMvFDK1HUbsuGq6jS19KYho9n1i+Kp7+GLyQw83p/Su3Vpajz7DZjr7uhIS0rpeW4w01/Mv1LK6HM9KX4wm0JjQ5Ka1N9SnalDQxn5/YLn+uxYZpI0XHWmLacBAAAAuNicAQwAwIqpSTHtm1sz/URHGtfMZOKlnvS8lrQN70rb1090qm5K6xMN6X+8Nc3ZnR331icfjWXoqaFUb25JyobAa1K4uzO5qz/9ac6Le8qf37tQ9cauDNw7mNb7mrLpdz3p/F598u5wBp7al+manPaM4HmjpPDoaHoPNqXn7i2ZfqgjLd+qyey7wxl4ajDFGzoy8njLV9tbr+/MwBMjaXq8JVv+dHzO6tJEBh/vyWjaMnSy723dGXhiX5oe35QN7/Wm9/7G1MxOZfj53gweqknb8M60XL2sxzzV19uya3hfxtu2penTifT8sC311aUT30UpjU+MpvNE9XTd1p70/qIpPVu3pPRoZ9puXpPZE2st1nRm371njtkBAAAAuLhUAAMAsGKanivmyBN1GX+qI5ua2zP4WXN2/24qQ9+bH9hWp/GxYsZ/1pm1v+tKa2FTdvxiJk0vTWVo+4Ylx16zuSXdSbK1PVtuWO6KatLyq6mM/6w11RO9x+caTpqHJzO0PUnqUrOckPWqxuzcfyQj2+sy/avubClsSucvplO3fSRH3noxLdfN71ydxsfGc7S4I3UfDKSzsClbHhrK7ObdGX9nKG3XLey3O82zQ+lu3pRNLb0Zv6q1zDs7O3XfG8rUOyPpuu5I+ls2Hf8u/lRI7+iRFB9r/Gor7qsas/ONIxm6d02O/Kw1mwqbsuXxfVl730iOTO1O87kE0AAAAABcUFVzc3NzK70IAAC44GbG0rV2S2ZHj+XFu89+a+RTzab44yuz6eXeHD66cxnbSQMAAADAylABDABARZreO5iBmp1pu2P54e/kT6/PusKOjH264MKnxYy+nNTc35j6C7tMAAAAALignAEMAEDl+Gwywz8v5uj/Gs/As6NpfO5wCtVnvu2k+s0dWfNoTzrumcmOB1vSUFOdmY/GMvRU//HzeL9fyFkMBwAAAACXnC2gAQCoIJPpv6U5O969Ms0P787uZ5pztifjzrw7moHnBjL0RjFTpSQ3NKbjvh3p/mFL6s93J2kAAAAAuMgEwAAAAAAAAAAVwhnAAAAAAAAAABVCAAwAAAAAAABQIQTAAAAAAAAAABVCAAwAwKU1M5auqqpU3TeaUrnrb/dnQ1VVqqo2pP/tch2mM9xSlaqqnkxclAWWMnxPVaruGS6/vvMd/ZXWVFW1ZviTEw2fDKe1qipVT57900w8WZWqqr6L9B4AAAAAWI0EwAAAXFpr6tOwOcnLhzNd5vL0W2OZrKlJTSYz/k6ZHjNTGX89yQ+aUn+RlwoAAAAAq40AGACAS6wuG+5oSDKRIx8svFbKxP5icndXujYnoxNTmVnY5b3JjCRp+faGrLkUy73Yvt6Wkbm5zD3WuNIrAQAAAKACCIABALjkGm5tTlLM5NSCeHfmcMZfS1q+3ZHmOxqSnxdzePbULtPvFFNKIc231lyy9QIAAADAaiEABgDg0ru5KZ1JBt6aOrX93fEMnAh3GxpbU5OhTJxyDvBMpiaLSU0h6274qrV0cCBd92zKutqqVFVVpap2XTY90JfR9xakx1+UUny+K1tuqT19vxM+LxXT/0BTrq+qSlXV9Wl6oD/FZR8MPJup1/uyrfH6VFVV5frmHRkuN0/ZM4BnTrm3qur6NN3TlYHfL6qHPtF9KsM/3nLi+Wuz7q4dGX63fN/SwYF03bUutV8+U/nnn3l3NH1fPntVrm9sTdfzE4srsgEAAAC4rAiAAQC49NbUp+nuJIeOnHIO8ORbY1+Fu+sb055SRiYm5/WYyvjPk9zbmIaT9zy/KQ2Frhy+qjk9vzyQA8V9GXqoKXmjJ60bd2Ts05P3ljL6QEM2PTWV2u8P5EDxQPY91541v+tJa31rBhduR/3H3WlvaM/YFe3ZVTyQkZ8VcuUbO7KpoWvemEuZzeRPC1nX0pMj9d0ZKR7I7q3J4MbW7Jpczr3NWdcymGPNvdlXPJADo91Z9+lIur5dnx37F4a1+9J9x7r0fNSUnl8eyL7hrtRP9af9lub0v33quBM/Pf6uxqrb0z92YtyPdqe1vpC+Q1+NO/uHvjTf0prBz7akd+xADhRH0n3LTEZ+1JT6HxdTPi4HAAAA4HJwxUovAACA1aOzszMvv/zy/8/e/YVWfR/+H3/lx34QQSFCf5BAB410sMiERr4DE3698AQHRjroCS00wUEbN5jxO9h0hdW0Fzb2C6vpF1aPhX2b32AlKXxLUlgxvSgeLxxJYcMILabQ0XhR8MAKBhUa+Ar+LrQ2xj/Nqqv2vccDcuHnz/u8z7lrn7zf7yTJzp07U6vVvuZI7el4tDP51VzmF5P2liRZyMl355Kdh67E3eaN2fxEMnpiPgu/7Ex7kpyayXSSoUc3pzlJLs2m/vbZ5OnJTP+/6pdnAm/tTfUHzVnTW8v48eH0PtGanKln/I1Gqn+cyes7268+eGW18Y7tY6mfmM/gwx1fTvHUQtonZjL+1NVnt1ZSeTBZX61lenYkvY/d5gTiv41n+LnZdD4/k/qBritzTSW9WyfS1z6QpHqb32Yuk8/NJs/PZPLaucCVVLZ1pKVzT+ZOzGRpW+XqmEkym/TO5PTzyz6nozmbO/dl/Phc9j5yNZWfqmXvc/W0PT+TmWVzqjzem8qTGzLw+Ei6FkZSaU7m/jSc2ezPzH/vz7UZbO1NR8vG7PlrPTMXK6msvc1XAAAAAOCesQIYAIBVGRoaypEjR3LhwoVcuHAhR44cydDQ0Nce78o5wJOZ++jqhU9nM/3esrib1nRtqyRvz+SLo4IbH5/MXKrp3nQ1vn6nK3vrp3N2efy9qnlTd6pJli5df33hg/k0ll97eDBHP57J+NMd1z+YgQw+3n7dlZYfVlJNMt84d9vvtnB8ItOpZOgnXctCbZKHqhn69W1f/dJHJ3PdEclrKzn08ekcO1C5fsxUMvjUis95pDt9SebOnru2Wnf2nUOZTTX7frbi2bSn+tO9SeNgpk8sX9s7n5PXbSPdnMpvP8np+oj4CwAAAHAfE4ABAFiVL1b+ftW1VftBd4bSSP2DK5tAL87NZGp53E3S/sPedKaW+l+Wkizl9F8mkke60/HQjcMtLS5k7ng902/WMvrsrvRs35up5Q88VMnAztbMvbwjbf97Q7qf2Zext2czf6vtnB9py/rmm9+qN253EPDVc4rTdd05xVc0Z2Pn7Vb/Jkln+l7qSt7ak43r27Lxx3sy+uZ05j691cbLHWl74Ba3zjSuntnbyMIHjSTrc+7jeurHr/+b+TTpSDJ35uyVGfx4JF2Zyp5N69O2aUf2vDyR6VMNWz8DAAAAfAsIwAAA3Bstm9P9RFKfm89ilnLyRO3GuPv9zlSSjP91Psl85t5LWqvd187/TZKljyayr9KWNes3ZHOlJzv6RzN5pjm9zwykct0Htqb6x/mcnBjJ4JZk9g+j2VXtzsb/05QNT45mdmUI/l5b2r7WF1vK4mdJsuZrvZ00p/M39XwyfThDj63PuXdq2de/I5u/uyZtlX2Z+Ghlhm3L+tvsRn3FQhbeSpKx7Kn0pGfl3zOjmc+XYbv53/anvnA0h3/em/WfTaf27EB2dLZlTVtP9r05LwQDAAAA3McEYAAAVmXnzp2rurZ6reno6kzensvCLeJumjen8vOk8Zf5LJyZz8ypZGDLsic+m86+rQMZna/k8OwnOXfhci5f/iQz/304ex9buaVzkrSk86n9eX32k1y+8ElOTo9n5KmOfP7WvnT/ZCwLd/Btlk06LQ8kyed3NEb79qEc/tPpnP38XE7PTubwz3uz5vhoBraOpP4PF9jWtD+e5JFDOXn5ci7f6u/amcNJ80O9GTpyNKfPfp5z8zOZ/N1QetfWM9pfychxCRgAAADgfiUAAwCwKrVaLbt37866deuybt267N69O7Va7Y7G7OzqS2vjZOaP3yTuJklasvnRavL2yczNncxUqtnc8eW+zIuz06k1kupvRzK0pT0ty86mXVqYT33ZSI139qVnU3dGT129sLY9ndv7s3+intEnkrzbyO02dl69lnR0VpJMZ+bUjXcX/jZz+9f/WktP14bseefq+bvNLenYUs3QkaMZP9CaNObTuNW21bfUltaHk5yayfynN95dem9f2jb1ZN87i0nmUvtRdzbsnr66fXRzWr7fleq/H87RN0bSmkbmG4s3DgIAAADAfUEABgBg1Wq1Ws6fP5/z58/fcfxNkny/M32ZyuRrk5lKf7o33XjobusPe1PJXMbfrCfbetP14Jf3mpuvPL94ccWK1Itzqf3n6NV7V1bitnZ0pPnD2YxPza7Ywvhczi0meaQ5tzjy9x/Wvn0w1czl0CsT168qPjORw0e+IjP/oCNdZxZSe2N6xYrkpZz7eyNJ23Whe3Wa010dSWemcuj39VyXby/NpfbCaBoftqe7qyVJRzr+bSELr41l+sz1oyydO5tGkra1d+uXAgAAAOBu+869ngAAAP/Crp4DPPDWVLLt9XS23uSZhzem0lrP8FtJ5yub077sVvOjfRl5ZDTDuwez69K+9P+gJYtnpjP+0mjmHh1MNWOZajSStCcPD2T4wFi6X6hmR2M4Q091pGWpkdk/DGf4vdYM/WkwK9cff20P9ufQxNF09w+kZ2khI093pWVxNmMvDGcmN/uSy79UJYOv9GesfyA9T155t7V5MfNv1jLyX0nXK4Pp/cozf28y7Ja9qR04mu4XerL5o5Er4y7NZ+LVkYy935r+if2pPpAkzan8bDT9fxjIwLa+LBwYTFdrcxY/nEjtpbFky6EMPvY1JgAAAADAN8IKYAAA7qHWdG2rJEk6t18fd7/Uma6rRw1XfrDiXN/mrux/byaHnk7qv+hLT2Ugw28vpfL7s/nk/+1P77Yks6evrqRtTtfz0zk9MZCWD0bTV+lJT+9wjq4dzOQH8zl8l6Nm+1PjmT9xOL0XxzLQ25MdLxzN+p/NZPq33at6d65+KJXPxrO3tyc9laHUGh0Zrp/NzC+/bqZuTtfzMzlbP5zepavjVkcys7Yvh0/MZ/ypZb/+Q/0ZnzuWQ48uZvxXO9JT6cnQ78+m47ljOXti790L5QAAAADcdU2XL1++fK8nAQAAAAAAAMCdswIYAAAAAAAAoBACMAAAAAAAAEAhBGAAAAAAAACAQgjAAAAAAAAAAIUQgAEAAAAAAAAKIQADAAAAAAAAFEIABgAAAAAAACiEAAwAwL+GTyfS19SUvjcbd2/MxflMvDqduzji/e3qb9j04uy1S7MvNqWp6WBmb/MaAAAAAN8cARgAAL6WRiZ+tjEDJxbv9UQAAAAA4Jrv3OsJAAAA3xIP9mfycv+9ngUAAAAAt2EFMAAAAAAAAEAhBGAAAL55V8+SPfjnhUw/uyMbmprStmlXxj5auvZI43gte368MW1NTWlq2pDuZw5matn9JMn7B9PU1JSDf17M7Mu70v29pjQ1tWXjj/ek9ufbb808+2Jbmpp6Mva3m9w8NZrNTU3Z9fYtxvh0In1NbRl4K8lbA1fmuOxc3FxcyPTLu9KzqS1NTU1p+l53dr04lfl/ZLfoxflMvfjFd2pK26Yd2fPqbK4fopGJJ6989tJHUzn4THc2NDWlqW1jdjw7kfmLSRbnMrZ7Rza2Xfkdd+wey9zFFZ91qZH6q3vSV/ni925K26aeK3Ne/uxNzgAGAAAA4P4iAAMAcM8c/fVA9pyp5FD9aEZ/Usnm7zcnWcrsf/Sks7In080DGZ0+lmNTe7PxzOH0dVRy8P2lm4zTm+7fn8uOA0dzbHokvRcns+fRjgy81bjlZ3c9ti+dqWfi+MIN9+beG89cBtP7aMvNX36gkuH6ZPZvS7Jtfybrx3LsiY4r9y7O5uC2DdnxykLafzKao/VjmfzFxiwc6cvG7XsyfWYVP8yZqez64cb0HVnIxl9M5lj9aEafbM70L7rT8ZOJ3DDjDw5ncOu+nGzfk8P1o3n9qbacfHkglWeHM7y9N1MtAzk0cTTjv+nIydd2pffZ6WUheS61H3Wm5xcns377cMbqx3Jsejz7upKjL/Slct2zAAAAANzvnAEMAMCqDQ0N5Y033kiS7Ny5M7Va7Y7Gm13qy8n/3pvOJNl69eKpWvY+V0/b8zOZOdCV5iRJJZXHe1N5ckMGHh9J18JIKs3LxjnTnvHZ8fQ/dOXfle2VdPRuyK5fHM7gY9c/e80jlQw8kux7q56Fnw6m/dqNudQn5pKfj6TywC0m3tyazq3dmX8tSTame2slrUmSpdRfqmb4/a6MzB7N/i1XP3hrJdVtndnRsSeDv+3N/JHe3CItJ1nM9G+HMva3asYXJq99p2ztTXXrcLofHcierV05+vSXM85b9ayfmsvhx1uvPtuRfLghu147mLnff5KjP22/No/WS2vS8/J0Zl7qTW9Lkvfrmfp7Mjg1ndcf/3JWle3VdDSvyY5Xx1N/oTfV1ltOGAAAAID7iBXAAACsytDQUI4cOZILFy7kwoULOXLkSIaGhu5s0Me6r8TfZWbfOZTZVLPvZ1/E3y+0p/rTvUnjYKZPXL8KuHJg5MtQevXZgV9eeXbqvVutX+1M5SedyXsTqS/fBvpUPeOnWrP/icptIu0tLNYz9R+N5Ncj2btlRXX+/mD2/jppvDae+q0XJiefTmfstUZaD+xb8Z2S5v87mKFtyfSb9RWrgAdS3b680LZn46NJUs3AtvblI6R9UzXJ2Sx+sbXzlr059sHZ6+LvF89u7qomWcrSpdt/bQAAAADuH1YAAwCwKl+s/F157U5WAVe+u3JZaSMLHzSSrM+5j+upf7zi9qdJR5K5M2eTZWt2K5vas1Jzx+ZUk0x+uNnt8LkAACAASURBVJDDj63MzFd0PjaUyq92ZeL4QgYfvjLG3HvjmWsdzKGumy0b/gp/m8tkkuqm9tz4dnM2dlaTTGT+zHhyqxW1ny5kKknlf86mfry+4uZSFluSvDWfhaWk/dqHrM+am063I+0rIvKaW/0XwKWlLH46n5MLZ9P4cD4n56Yz/W49SfUWLwAAAABwPxKAAQC4Z1rWrllxZSELbyXJWPZUxm753nyjkS8DcDXtt9meuHHpxjODr3m4kv7tya5r20DPZvqVubTurt182+ivcilpJMl3Vn6v1WssnEyS1F/sS/3FWz21kMZnSR68+s8n2nNjAk+S1cxjKfNvDmfPr0a/XJn8cFeq2/oyuDPZ9/Lq5w4AAADAvWcLaAAAVmXnzp2runZnWtP+eJJHDuXk5cu5fKu/57uWvTOVhZttqXx12+LOtbcrue2pPNH75TbQ79dzuNGZfY913ead2/jO1YW9lz7/eu8naf1uR5Jk6E/nbv39L0+m/8GvGGiVFt/Zl0r/aE5vO5yZhXP5/H8u5/LHM5k8sjfV792dzwAAAADgmyMAAwCwKrVaLbt37866deuybt267N69+462f765trQ+nOTUTOY/vfHu0nv70rapJ/veuf5c35M3KcBLH5+8spXyDzpu+4ntjw1mMPVMHJ/P3InJNB4ZSOWRrzn9hzvTl2Rqdj43njy8lNNzU0n60/HQDTe/1NqeSpLJU/M3ubmQsR9tSPePa5n7mlO83mJm3q2lkWpGDwyl66GWNF/bI2gpCx+v3IIaAAAAgPudAAwAwKrVarWcP38+58+f/yfE3yRpTnd1JJ2ZyqHf16+PqJfmUnthNI0P29Pd1XLdW1O/G8vsxeXPzmfsP0eTR0bS9+hX7OX8QCW9Tyf198Yy/t5cKrurufmJwbdwKbm23relkupvWpPXRlJ7f8XW0x+NZfTlJE/3pXKbLavz8I4MPpE0XjiUsTPX32q8PZrh9xay9Gj3PzbHW2pO89okWcy5FdNdOlW7Mt8s5vPb7KINAAAAwP3FGcAAANxXmrfsTe3A0XS/0JPNH41k5OmutC7NZ+LVkYy935r+if2pPnD9O61nDqf644UM/3t/OnL12eNdGZndm66vPMu3JZXHh5Ifj2Y0vXn9yM1P073Ze60PJXn5cMbebE2lc3Mq329J5bmpjBzvzvDjO7Lwq8FU/601Sx9OpPbSWOoPD2byhWpabjtua/p/O56jJwayq6sns88Npf8HzWn8eSzDL0ylsWUkUz+/O/n3WnB/eTh7nt6VPNufjpbFLLw7noMvz6XydDX5w9SV84YfvksfCQAAAMA/lRXAAADcZ5rT9fxMztYPp3dpPHt7e9JTHcnM2r4cPjGf8aduDLR73prP1PZk/Nme9FRHc/qhPZmcr2f/lq+sv0mSlm3V7E2SJwayY9WhszmV3Uezd3sjB/t70vNSPY0kWduV/e+dzuTu9iz8cW92VHoy9PuFtO+ezOm/vJ7q7bZ//sJD/RmfvzLG6d/1paeyIwN/PJvKgcmcfm9/utaudo6r+BZb9qd+4lAGU8+eak96+oczdbGS189+ktef600lycz8wt37QAAAAAD+qZouX758+V5PAgAAvpb3D6apazgjs5ezf8sdjLM4nT3rd2Rp6lxef/z263MBAAAA4H5mC2gAAP7lLbwzllrr/hzbLv4CAAAA8O0mAAMA8K/p4lwmXqvn7N9nUnt5Kl2vnExldTtGAwAAAMB9SwAGAOBf09rk7B8PZd+Ha9L766M5/MvOez0jAAAAALhjzgAGAAAAAAAAKMT/utcTAAAAAAAAAODuEIABAAAAAAAACiEAAwAAAAAAABRCAAYA4Jv36UT6mprS92bjHk6ikYknm9LUdDCz93AWAAAAAHA3CcAAAAAAAAAAhRCAAQAAAAAAAAohAAMAAAAAAAAUQgAGAOAeOpf5tw9mYFNbmpqasqFrVw6+PZ+llY9daqT+6p70VTamrakpTU1NadvUk10vTmX+4vIHr57r++Js0qhn9JnubGhqSlPThnQ/M5r6Ko4cXvzzwXQ3NaXtJxNZuHT3vikAAAAAfBMEYAAA7pmF3w2msruetl+N5Vh9MkPfrWe4ujGV/5hbFoHnUvtRZ3p+cTLrtw9nrH4sx6bHs68rOfpCXyrPTmdx5cAfHM5A567MtO/J4fqxTP6ukjXv7ktP555Mf3br+Sy9fzC9jw5nYefrqR/pT/t3/ilfGwAAAAD+afwvLQAAVm1oaChvvPFGkmTnzp2p1Wp3NN7c+20ZX5hM/0NX/l3Z2pvOZ9vT89xwxp84msGHk7xfz9Tfk8Gp6bz+eMu1dyvbq+loXpMdr46n/kJvqq3LBn6rnkzMZPKp9iv/3lpJ5cFkfbWW6dmR9D7WkpWWPhrL4OPDWXjsUKaPDKZj7R19NQAAAAC4J6wABgBgVYaGhnLkyJFcuHAhFy5cyJEjRzI0NHRHY7b+ZijVh5ZfaU7lZyOpZDoTxxeuXNqyN8c+OHtd/P3i2c1d1SRLWbphq+aBDD7eft2Vls5KqknOXrxhg+nkzEQGt+5KvWMkUxN70yn+AgAAAPAtJQADALAqX6z8/apr/4juTRvTvPLiwxvTlaQ+N3/91s6XlrJ4Zi7149OZeHU0+57pSeVXUzcf+JG2rF858NW9bxYaZ1fcOJq9Tw1kopG0b+sVfwEAAAD4VhOAAQC476xJks8Wr54DvJT5N/el57trsr59c3oqOzLwu8ksNPdmcGfl5gN8ry1ttxh77oYVwLOZzVD27mzN7HNDGf3rTVYIAwAAAMC3hAAMAMCq7Ny5c1XX7tjS5zmXJA+1piXJ4jv7UukfzelthzOzcC6f/8/lXP54JpNH9qb6vbvxgYOZfOdwDr1US3/rbIb/vZa5uzEsAAAAANwDAjAAAKtSq9Wye/furFu3LuvWrcvu3btTq9XuaMyZvy3cePGjudSTVL7XnuYsZubdWhqpZvTAULoeaknzd754cCkLH9fv6POvaE/bA0kerGbkQG/y/r4M/9dN5gUAAAAA3wICMAAAq1ar1XL+/PmcP3/+juNvkjSOHM7EmeVXFjLxyqHMpZrB7e1JmtO8NkkWc27FzsxLp2oZffnKvc/v0q7N7T8dyaEtyfTP9q2YFwAAAAB8OwjAAADcM62pZ2BbXw6+OZ36uxM5+GRPBt5I+icOpf/BJGlOd3Uknalnz9O7Unu7nvrxqYw925eNnbW0PV1NUk/js7s1o84M/edIOjOVvS9MpXG3hgUAAACAb4gADADAPdP9Sj2nD7Rn5qXB9PQOZOxibw6fmM/4U+3Xnmnesj/1E4cymHr2VHvS0z+cqYuVvH72k7z+XG8qSWbm796Wzc1b9ubQr1vTeGMoI+8s3rVxAQAAAOCb0HT58uXL93oSAAAAAAAAANw5K4ABAAAAAAAACiEAAwAAAAAAABRCAAYAAAAAAAAohAAMAAAAAAAAUAgBGAAAAAAAAKAQAjAAAAAAAABAIQRgAAAAAAAAgEIIwAAAAAAAAACFEIABAAAAAAAACiEAAwAAAAAAABRCAAYAAAAAAAAohAAMAAAAAAAAUAgBGAAAAAAAAKAQAjAAAAAAAABAIQRgAAAAAAAAgEIIwAAAAAAAAACFEIABAAAAAAAACiEAAwAAAAAAABRCAAYAAAAAAAAohAAMAAAAAAAAUAgBGAAAAAAAAKAQAjAAAAAAAABAIQRgAAAAAAAAgEIIwAAAAAAAAACFEIABAAAAAAAACiEAAwAAAAAAABRCAAYAAAAAAAAohAAMAAAAAAAAUAgBGAAAAAAAAKAQAjAAAAAAAABAIQRgAAAAAAAAgEIIwAAAAAAAAACFEIABAAAAAAAACiEAAwAAAAAAABRCAAYAAAAAAAAohAAMAAAAAAAAUAgBGAAAAAAAAKAQAjAAAAAAAABAIQRgAAAAAAAAgEIIwAAAAAAAAACFEIABAAAAAAAACiEAAwAAAAAAABRCAAYAAAAAAAAohAAMAAAAAAAAUAgBGAAAAAAAAKAQAjAAAAAAAABAIQRgAAAAAAAAgEIIwAAAAAAAAACFEIABAAAAAAAACiEAAwAAAAAAABRCAAYAAAAAAAAohAAMAAAAAAAAUAgBGAAAAAAAAKAQAjAAAAAAAABAIQRgAAAAAAAAgEIIwAAAAAAAAACFEIABAAAAAAAACiEAAwAAAAAAABRCAAYAAAAAAAAohAAMAAAAAAAAUAgBGAAAAAAAAKAQAjAAAAAAAABAIQRgAAAAAAAAgEIIwAAAAAAAAACFEIABAAAAAAAACiEAAwAAAAAAABRCAAYAAAAAAAAohAAMAAAAAAAAUAgBGAAAAAAAAKAQAjAAAAAAAABAIQRgAAAAAAAAgEIIwAAAAAAAAACFEIABAAAAAAAACiEAAwAAAAAAABRCAAYAAAAAAAAohAAMAAAAAAAAUAgBGAAAAAAAAKAQAjAAAAAAAABAIQRgAAAAAAAAgEIIwAAAAAAAAACFEIABAAAAAAAACiEAAwAAAAAAABRCAAYAAAAAAAAohAAMAAAAAAAAUAgBGAAAAAAAAKAQAjAAAAAAAABAIQRgAAAAAAAAgEIIwAAAAAAAAACFEIABAAAAAAAACiEAAwAAAAAAABRCAAYAAAAAAAAohAAMAAAAAAAAUAgBGAAAAAAAAKAQAjAAAAAAAABAIQRgAAAAAAAAgEIIwAAAAAAAAACFEIABAAAAAAAACiEAAwAAAAAAABRCAAYAAAAAAAAohAAMAAAAAAAAUAgBGAAAAAAAAKAQAjAAAAAAAABAIQRgAAAAAAAAgEIIwAAAAAAAAACFEIABAAAAAAAACiEAAwAAAAAAABRCAAYAAAAAAAAohAAMAAAAAAAAUAgBGAAAAAAAAKAQAjAAAAAAAABAIQRgAAAAAAAAgEIIwAAAAAAAAACFEIABAAAAAAAACiEAAwAAAAAAABRCAAYAAAAAAAAohAAMAAAAAAAAUAgBGAAAAAAAAKAQAjAAAAAAAABAIQRgAAAAAAAAgEIIwAAAAAAAAACFEIABAAAAAAAACiEAAwAAAAAAABRCAAYAAAAAAAAohAAMAAAAAAAAUAgBGAAAAAAAAKAQAjAAAAAAAABAIQRgAAAAAAAAgEIIwAAAAAAAAACFEIABAAAAAAAACiEAAwAAAAAAABRCAAYAAAAAAAAohAAMAAAAAAAAUAgBGAAAAAAAAKAQAjAAAAAAAABAIQRgAAAAAAAAgEIIwAAAAAAAAACFEIABAAAAAAAACiEAAwAAAAAAABRCAAYAAAAAAAAohAAMAAAAAAAAUAgBGAAAAAAAAKAQAjAAAAAAAABAIQRgAAAAAAAAgEIIwAAAAAAAAACFEIABAAAAAAAACiEAAwAAAAAAABRCAAYAAAAAAAAohAAMAAAAAAAAUAgBGAAAAAAAAKAQAjAAAAAAAABAIQRgAAAAAAAAgEIIwAAAAAAAAACFEIABAAAAAAAACiEAAwAAAAAAABRCAAYAAAAAAAAohAAMAAAAAAAAUAgBGAAAAAAAAKAQAjAAAAAAAABAIQRgAAAAAAAAgEIIwAAAAAAAAACFEIABAAAAAAAACiEAAwAAAAAAABRCAAYAAAAAAAAohAAMAAAAAAAAUAgBGAAAAAAAAKAQAjAAAAAAAABAIQRgAAAAAAAAgEIIwAAAAAAAAACFEIABAAAAAAAACiEAAwAAAAAAABRCAAYAAAAAAAAohAAMAAAAAAAAUAgBGAAAAAAAAKAQAjAAAAAAAABAIQRgAAAAAAAAgEIIwAAAAAAAAACFEIABAAAAAAAACiEAAwAAAAAAABRCAAYAAAAAAAAohAAMAAAAAAAAUAgBGAAAAAAAAKAQAjAAAAAAAABAIQRgAAAAAAAAgEIIwAAAAAAAAACFEIABAAAAAAAACiEAAwAAAAAAABRCAAYAAAAAAAAohAAMAAAAAAAAUAgBGAAAAAAAAKAQAjAAAAAAAABAIQRgAAAAAAAAgEIIwAAAAAAAAACFEIABAAAAAAAACiEAAwAAAAAAABRCAAYAAAAAAAAohAAMAAAAAAAAUAgBGAAAAAAAAKAQAjAAAAAAAABAIQRgAAAAAAAAgEIIwAAAAAAAAACFEIABAAAAAAAACiEAAwAAAAAAABRCAAYAAAAAAAAohAAMAAAAAAAAUAgBGAAAAAAAAKAQAjAAAAAAAABAIQRgAAAAAAAAgEIIwAAAAAAAAACFEIABAAAAAAAACiEAAwAAAAAAABRCAAYAAAAAAAAohAAMAAAAAAAAUAgBGAAAAAAAAKAQAjAAAAAAAABAIQRgAAAAAAAAgEIIwAAAAAAAAACFEIABAAAAAAAACiEAAwAAAAAAABRCAAYAAAAAAAAohAAMAAAAAAAAUAgBGAAAAAAAAKAQAjAAAAAAAABAIQRgAAAAAAAAgEIIwAAAAAAAAACFEIABAAAAAAAACiEAAwAAAAAAABRCAAYAAAAAAAAohAAMAAAAAAAAUAgBGAAAAAAAAKAQAjAAAAAAAABAIQRgAAAAAAAAgEIIwAAAAAAAAACFEIABAAAAAAAACiEAAwAAAAAAABRCAAYAAAAAAAAohAAMAAAAAAAAUAgBGAAAAAAAAKAQAjAAAAAAAABAIQRgAAAAAAAAgEIIwAAAAAAAAACFEIABAAAAAAAACiEAAwAAAAAAABRCAAYAAAAAAAAohAAMAAAAAAAAUAgBGAAAAAAAAKAQAjAAAAAAAABAIQRgAAAAAAAAgEIIwAAAAAAAAACFEIABAAAAAAAACiEAAwAAAAAAABRCAAYAAAAAAAAohAAMAAAAAAAAUAgBGAAAAAAAAKAQAjAAAAAAAABAIQRgAAAAAAAAgEIIwAAAAAAAAACFEIABAAAAAAAACiEAAwAAAAAAABRCAAYAAAAAAAAohAAMAAAAAAAAUAgBGAAAAAAAAKAQAjAAAAAAAABAIQRgAAAAAAAAgEIIwAAAAAAAAACFEIABAAAAAAAACiEAAwAAAAAAABRCAAYAAAAAAAAohAAMAAAAAAAAUAgBGAAAAAAAAKAQAjAAAAAAAABAIQRgAAAAAAAAgEIIwAAAAAAAAACFEIABAAAAAAAACiEAAwAAAAAAABRCAAYAAAAAAAAohAAMAAAAAAAAUAgBGAAAAAAAAKAQAjAAAAAAAABAIQRgAAAAAAAAgEIIwAAAAAAAAACFEIABAAAAAAAACiEAAwAAAAAAABRCAAYAAAAAAAAohAAMAAAAAAAAUAgBGAAAAAAAAKAQAjAAAAAAAABAIQRgAAAAAAAAgEIIwAAAAAAAAACFEIABAAAAAAAACiEAAwAAAAAAABRCAAYAAAAAAAAohAAMAAAAAAAAUAgBGAAAAAAAAKAQAjAAAAAAAABAIQRgAAAAAAAAgEIIwAAAAAAAAACFEIABAAAAAAAACiEAAwAAAAAAABRCAAYAAAAAAAAohAAMAAAAAAAAUAgBGAAAAAAAAKAQAjAAAAAAAABAIQRgAAAAAAAAgEIIwAAAAAAAAACFEIABAAAAAAAACiEAAwAAAAAAABRCAAYAAAAAAAAohAAMAAAAAAAAUAgBGAAAAAAAAKAQAjAAAAAAAABAIQRgAAAAAAAAgEIIwAAAAAAAAACFEIABAAAAAAAACiEAAwAAAAAAABRCAAYA4P+3ZwcyAAAAAIP8re/xlUYAAAAAwIQABgAAAAAAAJgQwAAAAAAAAAATAhgAAAAAAABgQgADAAAAAAAATAhgAAAAAAAAgAkBDAAAAAAAADAhgAEAAAAAAAAmBDAAAAAAAADAhAAGAAAAAAAAmBDAAAAAAAAAABMCGAAAAAAAAGBCAAMAAAAAAABMCGAAAAAAAACACQEMAAAAAAAAMCGAAQAAAAAAACYEMAAAAAAAAMCEAAYAAAAAAACYEMAAAAAAAAAAEwIYAAAAAAAAYEIAAwAAAAAAAEwIYAAAAAAAAIAJAQwAAAAAAAAwIYABAAAAAAAAJgQwAAAAAAAAwIQABgAAAAAAAJgQwAAAAAAAAAATAhgAAAAAAABgQgADAAAAAAAATAhgAAAAAAAAgAkBDAAAAAAAADAhgAEAAAAAAAAmBDAAAAAAAADAhAAGAAAAAAAAmBDAAAAAAAAAABMCGAAAAAAAAGBCAAMAAAAAAABMCGAAAAAAAACACQEMAAAAAAAAMCGAAQAAAAAAACYEMAAAAAAAAMCEAAYAAAAAAACYEMAAAAAAAAAAEwIYAAAAAAAAYEIAAwAAAAAAAEwIYAAAAAAAAIAJAQwAAAAAAAAwIYABAAAAAAAAJgQwAAAAAAAAwIQABgAAAAAAAJgQwAAAAAAAAAATAhgAAAAAAABgQgADAAAAAAAATAhgAAAAAAAAgAkBDAAAAAAAADAhgAEAAAAAAAAmBDAAAAAAAADAhAAGAAAAAAAAmBDAAAAAAAAAABMCGAAAAAAAAGBCAAMAAAAAAABMCGAAAAAAAACACQEMAAAAAAAAMCGAAQAAAAAAACYEMAAAAAAAAMCEAAYAAAAAAACYEMAAAAAAAAAAEwIYAAAAAAAAYEIAAwAAAAAAAEwIYAAAAAAAAIAJAQwAAAAAAAAwIYABAAAAAAAAJgQwAAAAAAAAwIQABgAAAAAAAJgQwAAAAAAAAAATAhgAAAAAAABgQgADAAAAAAAATAhgAAAAAAAAgAkBDAAAAAAAADAhgAEAAAAAAAAmBDAAAAAAAADAhAAGAAAAAAAAmBDAAAAAAAAAABMCGAAAAAAAAGBCAAMAAAAAAABMCGAAAAAAAACACQEMAAAAAAAAMCGAAQAAAAAAACYEMAAAAAAAAMCEAAYAAAAAAACYEMAAAAAAAAAAEwIYAAAAAAAAYEIAAwAAAAAAAEwIYAAAAAAAAIAJAQwAAAAAAAAwIYABAAAAAAAAJgQwAAAAAAAAwIQABgAAAAAAAJgQwAAAAAAAAAATAhgAAAAAAABgQgADAAAAAAAATAhgAAAAAAAAgAkBDAAAAAAAADAhgAEAAAAAAAAmBDAAAAAAAADAhAAGAAAAAAAAmBDAAAAAAAAAABMCGAAAAAAAAGBCAAMAAAAAAABMCGAAAAAAAACACQEMAAAAAAAAMCGAAQAAAAAAACYEMAAAAAAAAMCEAAYAAAAAAACYEMAAAAAAAAAAEwIYAAAAAAAAYEIAAwAAAAAAAEwIYAAAAAAAAIAJAQwAAAAAAAAwIYABAAAAAAAAJgQwAAAAAAAAwIQABgAAAAAAAJgQwAAAAAAAAAATAhgAAAAAAABgQgADAAAAAAAATAhgAAAAAAAAgAkBDAAAAAAAADAhgAEAAAAAAAAmBDAAAAAAAADAhAAGAAAAAAAAmBDAAAAAAAAAABMCGAAAAAAAAGBCAAMAAAAAAABMCGAAAAAAAACACQEMAAAAAAAAMCGAAQAAAAAAACYEMAAAAAAAAMCEAAYAAAAAAACYEMAAAAAAAAAAEwIYAAAAAAAAYEIAAwAAAAAAAEwIYAAAAAAAAIAJAQwAAAAAAAAwIYABAAAAAAAAJgQwAAAAAAAAwIQABgAAAAAAAJgQwAAAAAAAAAATAhgAAAAAAABgQgADAAAAAAAATAhgAAAAAAAAgAkBDAAAAAAAADAhgAEAAAAAAAAmBDAAAAAAAADAhAAGAAAAAAAAmBDAAAAAAAAAABMCGAAAAAAAAGBCAAMAAAAAAABMCGAAAAAAAACACQEMAAAAAAAAMCGAAQAAAAAAACYEMAAAAAAAAMCEAAYAAAAAAACYEMAAAAAAAAAAEwIYAAAAAAAAYEIAAwAAAAAAAEwIYAAAAAAAAIAJAQwAAAAAAAAwIYABAAAAAAAAJgQwAAAAAAAAwIQABgAAAAAAAJgQwAAAAAAAAAATAhgAAAAAAABgQgADAAAAAAAATAhgAAAAAAAAgAkBDAAAAAAAADAhgAEAAAAAAAAmBDAAAAAAAADAhAAGAAAAAAAAmBDAAAAAAAAAABMCGAAAAAAAAGBCAAMAAAAAAABMCGAAAAAAAACACQEMAAAAAAAAMCGAAQAAAAAAACYEMAAAAAAAAMCEAAYAAAAAAACYEMAAAAAAAAAAEwIYAAAAAAAAYEIAAwAAAAAAAEwIYAAAAAAAAIAJAQwAAAAAAAAwIYABAAAAAAAAJgQwAAAAAAAAwIQABgAAAAAAAJgQwAAAAAAAAAATAhgAAAAAAABgQgADAAAAAAAATAhgAAAAAAAAgAkBDAAAAAAAADAhgAEAAAAAAAAmBDAAAAAAAADAhAAGAAAAAAAAmBDAAAAAAAAAABMCGAAAAAAAAGBCAAMAAAAAAABMCGAAAAAAAACACQEMAAAAAAAAMCGAAQAAAAAAACYEMAAAAAAAAMCEAAYAAAAAAACYEMAAAAAAAAAAEwIYAAAAAAAAYEIAAwAAAAAAAEwIYAAAAAAAAIAJAQwAAAAAAAAwIYABAAAAAAAAJgQwAAAAAAAAwIQABgAAAAAAAJgQwAAAAAAAAAATAhgAAAAAAABgQgADAAAAAAAATAhgAAAAAAAAgAkBDAAAAAAAADAhgAEAAAAAAAAmBDAAAAAAAADAhAAGAAAAAAAAmBDAAAAAAAAAABMCGAAAAAAAAGBCAAMAAAAAAABMCGAAAAAAAACACQEMAAAAAAAAMCGAAQAAAAAAACYEMAAAAAAAAMCEAAYAAAAAAACYEMAAAAAAAAAAEwIYAAAAAAAAYEIAAwAAAAAAAEwIYAAAAAAAAIAJAQwAAAAAAAAwIYABAAAAAAAAJgQwAAAAAAAAwIQABgAAAAAAAJgQwAAAAAAAAAATAhgAAAAAAABgQgADAAAAAAAATAhgAAAAAAAAgAkBDAAAAAAAADAhgAEAAAAAAAAmBDAAAAAAAADAhAAGAAAAAAAAmBDAAAAAAAAAABMCGAAAAAAAAGBCAAMAAAAAAABMCGAAAAAAAACAMxLQjwAAAD9JREFUCQEMAAAAAAAAMCGAAQAAAAAAACYEMAAAAAAAAMCEAAYAAAAAAACYEMAAAAAAAAAAEwIYAAAAAAAAYCK48xKO9ybn5AAAAABJRU5ErkJggg==" height="600" width="800" />
Actual:4-->Expected:4]]>
  </system-out>
  <testcase name="clearToDoList_004" time="15.094" classname="testcases.ToDoTest"/>
  <system-out>
    <![CDATA[Actual:0-->Expected:0]]>
  </system-out>
</testsuite> <!-- testcases.ToDoTest -->
